2020.05.04	17:05:11.859	****----Start----****
17:05:14.484	Stop
2020.05.04	17:05:57.359	****----Start----****
17:05:59.093	Stop
2020.05.04	17:06:10.609	****----Start----****
17:06:16.140	Stop
2020.05.04	16:20:26.801	****----Start----****
16:21:30.529	Stop
2020.05.06	16:01:53.566	****----Start----****
16:50:43.708	Stop
2020.05.06	17:30:56.355	****----Start----****
17:31:27.511	Stop
2020.05.06	17:31:30.903	****----Start----****
17:33:01.759	Stop
2020.05.06	17:43:54.521	****----Start----****
17:44:08.991	Stop
2020.05.07	11:49:35.921	****----Start----****
11:55:46.409	Stop
2020.05.07	11:56:05.547	****----Start----****
11:56:19.614	Stop
2020.05.09	11:19:04.721	****----Start----****
11:19:22.497	Stop
2020.05.11	11:59:08.908	****----Start----****
11:59:26.684	Stop
2020.05.11	11:59:28.660	****----Start----****
12:02:47.613	Stop
2020.05.11	12:04:11.268	****----Start----****
12:12:18.294	Stop
2020.05.11	12:13:03.380	****----Start----****
12:17:34.019	Stop
2020.05.11	12:34:51.882	****----Start----****
2020.05.11	12:37:24.470	****----Start----****
12:44:10.229	Stop
2020.05.11	12:59:58.343	****----Start----****
13:00:04.171	Stop
2020.05.11	13:08:15.894	****----Start----****
13:09:42.156	Stop
2020.05.11	13:10:11.727	****----Start----****
13:40:35.432	Stop
2020.05.11	13:41:38.872	****----Start----****
15:02:29.640	Stop
2020.05.11	15:03:07.048	****----Start----****
15:03:15.686	Stop
2020.05.15	18:13:52.212	****----Start----****
18:17:10.833	Stop
2020.05.15	18:17:36.580	****----Start----****
18:18:51.622	Stop
2020.05.15	18:19:15.888	****----Start----****
18:30:40.997	Stop
2020.05.20	17:33:27.101	****----Start----****
17:33:28.607	Stop
2020.05.28	16:49:28.328	****----Start----****
2020.05.28	16:49:43.969	****----Start----****
16:49:53.006	Stop
2020.05.28	16:51:07.615	****----Start----****
2020.05.28	17:33:20.376	****----Start----****
17:33:28.911	Stop
2020.05.28	17:35:18.265	****----Start----****
17:35:32.535	Stop
2020.05.28	17:57:18.458	****----Start----****
17:58:34.310	Stop
2020.05.28	18:05:00.522	****----Start----****
18:05:13.074	Stop
2020.05.28	18:08:38.878	****----Start----****
18:09:19.962	Stop
2020.05.29	13:21:14.014	****----Start----****
13:21:18.533	Stop
2020.06.01	13:15:52.956	****----Start----****
13:16:07.721	Stop
2020.06.02	15:29:01.978	****----Start----****
15:30:08.153	Stop
2020.06.02	15:34:06.043	****----Start----****
15:54:56.403	Stop
2020.06.02	17:23:14.098	****----Start----****
18:57:08.331	Stop
2020.06.02	19:11:15.217	****----Start----****
19:11:19.936	Stop
2020.06.02	19:12:29.465	****----Start----****
19:12:39.983	Stop
2020.06.02	19:13:41.118	****----Start----****
19:13:47.946	Stop
2020.06.02	19:14:03.600	****----Start----****
19:14:21.020	Stop
2020.06.02	19:14:48.268	****----Start----****
19:15:23.315	Stop
2020.06.02	19:16:48.254	****----Start----****
19:17:19.329	Stop
2020.06.02	19:18:28.184	****----Start----****
19:21:27.608	Stop
2020.06.02	19:21:36.003	****----Start----****
19:22:19.365	Stop
2020.06.02	19:22:51.763	****----Start----****
19:24:24.724	Stop
2020.06.03	11:38:18.897	****----Start----****
11:38:53.329	Stop
2020.06.03	11:39:17.532	****----Start----****
11:39:31.475	Stop
2020.06.03	11:40:53.462	****----Start----****
11:41:07.718	Stop
2020.06.03	11:41:54.907	****----Start----****
11:41:59.429	Stop
2020.06.03	11:42:06.670	****----Start----****
11:42:45.245	Stop
2020.06.03	11:42:56.632	****----Start----****
11:43:14.910	Stop
2020.06.03	11:45:41.751	****----Start----****
11:45:48.081	Stop
2020.06.03	11:47:47.595	****----Start----****
11:48:18.994	Stop
2020.06.03	11:59:57.766	****----Start----****
12:00:46.613	Stop
2020.06.03	12:01:52.077	****----Start----****
12:02:12.025	Stop
2020.06.03	12:02:54.736	****----Start----****
12:03:01.447	Stop
2020.06.03	12:03:13.426	****----Start----****
12:07:53.121	Stop
2020.06.03	12:08:04.402	****----Start----****
12:13:50.489	Stop
2020.06.03	12:14:18.018	****----Start----****
12:15:20.973	Stop
2020.06.03	12:16:44.419	****----Start----****
12:18:19.543	Stop
2020.06.03	12:22:51.300	****----Start----****
12:22:59.040	Stop
2020.06.03	12:31:45.758	****----Start----****
12:38:03.586	Stop
2020.06.03	12:39:12.146	****----Start----****
12:51:15.364	Stop
2020.06.03	13:13:05.692	****----Start----****
13:15:25.187	Stop
2020.06.03	13:21:14.765	****----Start----****
13:27:49.590	Stop
2020.06.03	13:27:57.189	****----Start----****
13:36:36.303	Stop
2020.06.03	13:39:10.806	****----Start----****
13:39:19.618	Stop
2020.06.03	13:39:31.690	****----Start----****
13:40:25.120	Stop
2020.06.03	13:40:46.714	****----Start----****
13:41:13.517	Stop
2020.06.03	13:41:49.545	****----Start----****
13:42:32.017	Stop
2020.06.03	13:42:46.533	****----Start----****
13:42:57.670	Stop
2020.06.03	13:43:13.070	****----Start----****
13:43:15.081	Stop
2020.06.03	13:43:28.033	****----Start----****
13:47:56.063	Stop
2020.06.03	13:50:55.992	****----Start----****
13:51:16.774	Stop
2020.06.03	13:51:24.078	****----Start----****
13:51:33.518	Stop
2020.06.03	13:51:41.120	****----Start----****
13:52:35.139	Stop
2020.06.03	13:53:30.439	****----Start----****
13:53:43.989	Stop
2020.06.03	13:54:05.516	****----Start----****
13:54:58.639	Stop
2020.06.03	13:55:24.277	****----Start----****
14:07:47.404	Stop
2020.06.03	14:07:59.780	****----Start----****
14:08:48.067	Stop
2020.06.03	14:09:20.971	****----Start----****
14:09:36.519	Stop
2020.06.03	14:14:26.907	****----Start----****
14:26:47.225	Stop
2020.06.03	14:42:04.964	****----Start----****
14:43:17.946	Stop
2020.06.03	14:43:27.489	****----Start----****
14:44:21.178	Stop
2020.06.03	14:44:54.141	****----Start----****
14:45:40.300	Stop
2020.06.03	14:46:00.012	****----Start----****
14:47:36.625	Stop
2020.06.03	14:48:03.566	****----Start----****
14:49:22.770	Stop
2020.06.03	14:50:02.722	****----Start----****
14:50:48.698	Stop
2020.06.03	14:51:38.208	****----Start----****
14:52:07.026	Stop
2020.06.03	14:52:46.673	****----Start----****
14:53:14.688	Stop
2020.06.03	14:53:49.750	****----Start----****
15:12:47.345	Stop
2020.06.03	15:13:29.015	****----Start----****
15:13:51.192	Stop
2020.06.03	15:16:38.666	****----Start----****
15:20:32.224	Stop
2020.06.03	15:26:05.494	****----Start----****
15:26:26.455	Stop
2020.06.03	15:27:00.321	****----Start----****
15:27:50.815	Stop
2020.06.03	15:28:15.011	****----Start----****
15:28:54.264	Stop
2020.06.03	15:29:44.639	****----Start----****
15:30:24.589	Stop
2020.06.03	15:33:43.395	****----Start----****
15:33:53.231	Stop
2020.06.03	15:34:10.738	****----Start----****
15:34:52.186	Stop
2020.06.04	15:21:24.952	****----Start----****
15:24:06.201	Stop
2020.06.04	15:32:23.482	****----Start----****
15:33:58.779	Stop
2020.06.04	16:37:39.780	****----Start----****
16:38:12.716	Stop
2020.06.04	16:59:56.574	****----Start----****
17:00:05.916	Stop
2020.06.04	17:01:19.790	****----Start----****
17:01:38.780	Stop
2020.06.04	17:04:02.621	****----Start----****
17:04:11.265	Stop
2020.06.04	17:18:06.846	****----Start----****
17:39:57.518	Stop
2020.06.05	14:11:07.162	****----Start----****
14:16:04.493	Stop
2020.06.05	14:20:03.010	****----Start----****
14:20:34.324	Stop
2020.06.05	14:20:58.321	****----Start----****
2020.06.05	14:22:09.058	****----Start----****
2020.06.05	14:22:52.554	****----Start----****
14:23:32.709	Stop
2020.06.05	14:32:33.319	****----Start----****
14:32:48.539	Stop
2020.06.05	14:34:35.878	****----Start----****
14:34:52.600	Stop
2020.06.05	14:44:21.091	****----Start----****
14:45:04.643	Stop
2020.06.05	14:47:06.062	****----Start----****
14:47:41.353	Stop
2020.06.05	14:48:01.295	****----Start----****
14:48:54.658	Stop
2020.06.05	14:53:51.266	****----Start----****
14:54:04.284	Stop
2020.06.05	14:54:11.914	****----Start----****
14:54:27.435	Stop
2020.06.05	15:03:00.414	****----Start----****
15:03:06.536	Stop
2020.06.05	15:03:25.966	****----Start----****
15:03:31.886	Stop
2020.06.05	15:03:52.404	****----Start----****
15:04:17.303	Stop
2020.06.05	15:04:55.047	****----Start----****
15:05:19.951	Stop
2020.06.05	15:06:28.104	****----Start----****
15:06:48.087	Stop
2020.06.05	15:07:10.434	****----Start----****
15:07:14.049	Stop
2020.06.05	15:07:19.731	****----Start----****
15:08:17.167	Stop
2020.06.05	15:34:34.376	****----Start----****
15:34:56.426	Stop
2020.06.05	15:35:30.576	****----Start----****
15:35:46.601	Stop
2020.06.05	15:36:16.624	****----Start----****
2020.06.05	15:37:16.710	****----Start----****
15:37:57.584	Stop
2020.06.05	15:38:14.286	****----Start----****
15:38:32.146	Stop
2020.06.05	15:44:24.363	****----Start----****
15:44:57.309	Stop
2020.06.05	15:52:13.755	****----Start----****
15:52:32.188	Stop
2020.06.05	15:52:47.792	****----Start----****
15:52:59.708	Stop
2020.06.05	15:53:17.526	****----Start----****
15:53:49.842	Stop
2020.06.05	15:56:39.786	****----Start----****
15:57:02.368	Stop
2020.06.05	15:57:21.849	****----Start----****
15:57:45.743	Stop
2020.06.05	15:58:12.694	****----Start----****
15:58:14.905	Stop
2020.06.05	15:58:17.688	****----Start----****
15:58:53.639	Stop
2020.06.05	15:59:40.437	****----Start----****
16:00:02.914	Stop
2020.06.05	16:00:19.313	****----Start----****
16:00:38.981	Stop
2020.06.05	16:07:40.428	****----Start----****
16:08:29.508	Stop
2020.06.05	16:09:12.614	****----Start----****
16:11:18.448	Stop
2020.06.05	16:11:34.620	****----Start----****
16:11:56.895	Stop
2020.06.05	16:13:21.873	****----Start----****
16:13:39.996	Stop
2020.06.05	16:13:52.177	****----Start----****
16:14:23.283	Stop
2020.06.05	16:14:43.937	****----Start----****
16:15:43.556	Stop
2020.06.05	16:17:27.283	****----Start----****
16:17:40.606	Stop
2020.06.05	16:17:50.783	****----Start----****
16:18:16.070	Stop
2020.06.05	16:21:22.573	****----Start----****
16:22:45.053	Stop
2020.06.05	16:24:32.279	****----Start----****
16:24:54.453	Stop
2020.06.05	16:28:33.708	****----Start----****
16:28:46.524	Stop
2020.06.05	16:29:57.245	****----Start----****
16:30:06.870	Stop
2020.06.05	16:30:35.484	****----Start----****
16:30:52.546	Stop
2020.06.05	16:31:45.354	****----Start----****
16:31:54.778	Stop
2020.06.05	16:35:11.270	****----Start----****
16:35:50.242	Stop
2020.06.05	16:36:37.103	****----Start----****
16:37:05.623	Stop
2020.06.05	16:37:17.540	****----Start----****
16:37:29.694	Stop
2020.06.05	16:40:53.482	****----Start----****
16:41:35.656	Stop
2020.06.05	16:49:18.906	****----Start----****
16:50:10.333	Stop
2020.06.05	16:51:59.730	****----Start----****
16:52:09.352	Stop
2020.06.05	16:52:44.183	****----Start----****
16:52:57.118	Stop
2020.06.05	16:55:14.955	****----Start----****
16:55:26.269	Stop
2020.06.05	16:55:37.896	****----Start----****
16:55:50.525	Stop
2020.06.05	16:57:35.044	****----Start----****
16:57:46.971	Stop
2020.06.05	17:00:13.585	****----Start----****
17:00:23.096	Stop
2020.06.05	17:00:33.230	****----Start----****
17:00:45.355	Stop
2020.06.05	17:41:22.957	****----Start----****
17:41:35.179	Stop
2020.06.05	19:49:51.986	****----Start----****
19:50:01.698	Stop
2020.06.05	19:56:26.697	****----Start----****
19:57:27.735	Stop
2020.06.05	19:57:42.463	****----Start----****
19:58:11.735	Stop
2020.06.05	19:58:54.014	****----Start----****
19:59:09.434	Stop
2020.06.05	20:03:31.622	****----Start----****
20:03:37.530	Stop
2020.06.08	12:07:48.289	****----Start----****
12:07:51.799	Stop
2020.06.08	12:52:41.196	****----Start----****
12:52:44.507	Stop
2020.06.08	12:55:07.306	****----Start----****
12:55:10.716	Stop
2020.06.08	12:56:25.457	****----Start----****
12:56:28.865	Stop
2020.06.08	16:32:06.467	****----Start----****
16:32:09.781	Stop
2020.06.08	17:10:04.286	****----Start----****
17:10:07.697	Stop
2020.06.08	17:10:59.258	****----Start----****
2020.06.08	17:17:27.813	****----Start----****
2020.06.08	17:20:50.252	****----Start----****
17:20:53.562	Stop
2020.06.08	17:21:57.389	****----Start----****
2020.06.08	17:23:07.034	****----Start----****
2020.06.08	17:23:55.284	****----Start----****
2020.06.09	11:08:28.161	****----Start----****
11:08:31.581	Stop
2020.06.09	11:09:33.480	****----Start----****
11:09:36.793	Stop
2020.06.09	11:11:30.485	****----Start----****
11:11:33.796	Stop
2020.06.09	11:34:30.593	****----Start----****
2020.06.09	11:36:01.221	****----Start----****
11:36:04.536	Stop
2020.06.09	11:36:59.352	****----Start----****
11:37:02.666	Stop
2020.06.09	14:00:57.771	****----Start----****
14:01:01.082	Stop
2020.06.09	14:01:25.639	****----Start----****
2020.06.09	15:04:40.775	****----Start----****
2020.06.09	15:16:54.032	****----Start----****
2020.06.09	17:41:09.917	****----Start----****
17:41:13.575	Stop
2020.06.09	17:43:44.976	****----Start----****
2020.06.09	17:46:02.134	****----Start----****
2020.06.09	17:54:30.442	****----Start----****
2020.06.11	11:42:38.670	****----Start----****
11:42:42.177	Stop
2020.06.11	12:02:27.414	****----Start----****
12:02:30.827	Stop
2020.06.11	12:21:44.644	****----Start----****
12:21:48.055	Stop
2020.06.11	12:36:33.822	****----Start----****
12:36:37.132	Stop
2020.06.11	12:37:26.617	****----Start----****
12:37:29.928	Stop
2020.06.11	12:38:10.403	****----Start----****
12:38:13.814	Stop
2020.06.11	12:52:32.791	****----Start----****
12:52:36.203	Stop
2020.06.11	13:00:35.631	****----Start----****
13:00:39.041	Stop
2020.06.12	20:05:20.050	****----Start----****
20:05:30.413	Stop
2020.06.15	13:56:32.178	****----Start----****
13:56:35.700	Stop
<<<<<<< HEAD
2020.06.23	15:54:20.306	****----Start----****
15:54:34.132	Stop
2020.06.23	15:55:43.873	****----Start----****
15:55:56.785	Stop
2020.06.25	15:58:34.651	****----Start----****
15:58:57.920	Stop
2020.06.25	16:02:05.297	****----Start----****
16:02:11.452	Stop
2020.06.26	13:29:59.986	****----Start----****
13:30:20.350	Stop
2020.06.26	13:59:48.544	****----Start----****
14:00:21.818	Stop
2020.06.26	14:16:12.298	****----Start----****
2020.06.26	14:17:29.712	****----Start----****
14:17:40.120	Stop
2020.06.26	14:18:30.161	****----Start----****
14:18:39.553	Stop
2020.06.26	14:18:42.484	****----Start----****
14:18:51.272	Stop
2020.06.26	14:19:42.152	****----Start----****
14:20:59.978	Stop
2020.06.26	14:21:04.539	****----Start----****
14:23:35.217	Stop
2020.06.26	14:26:11.164	****----Start----****
14:26:42.157	Stop
2020.06.26	14:27:42.440	****----Start----****
2020.06.26	14:28:06.313	****----Start----****
14:28:09.783	Stop
2020.06.26	14:35:37.837	****----Start----****
14:36:47.041	Stop
2020.06.26	14:36:52.868	****----Start----****
14:36:54.341	Stop
2020.06.26	14:37:01.162	****----Start----****
14:38:06.917	Stop
2020.06.26	14:46:00.251	****----Start----****
14:46:13.455	Stop
2020.06.26	14:46:31.281	****----Start----****
2020.06.26	14:47:00.306	****----Start----****
14:47:02.373	Stop
2020.06.26	14:55:39.243	****----Start----****
14:56:01.403	Stop
2020.06.26	14:57:37.984	****----Start----****
2020.06.26	14:58:06.700	****----Start----****
14:58:15.254	Stop
2020.06.26	15:04:57.964	****----Start----****
2020.06.26	15:05:35.621	****----Start----****
15:05:44.317	Stop
2020.06.26	15:07:15.643	****----Start----****
15:07:31.353	Stop
2020.06.26	15:12:17.726	****----Start----****
15:12:37.360	Stop
2020.06.26	15:12:52.963	****----Start----****
15:13:09.923	Stop
2020.06.26	15:13:18.635	****----Start----****
15:13:28.754	Stop
2020.06.26	15:15:50.294	****----Start----****
15:15:55.071	Stop
2020.06.26	15:16:05.783	****----Start----****
15:17:07.239	Stop
2020.06.26	15:22:49.044	****----Start----****
15:23:05.930	Stop
2020.06.26	15:23:09.516	****----Start----****
15:23:18.397	Stop
2020.06.26	15:23:21.948	****----Start----****
15:23:32.436	Stop
=======
>>>>>>> a836350f0bde946019da7e899ff0f61dd6c2c350
2020.06.29	10:07:18.558	****----Start----****
10:08:21.372	Stop
2020.06.29	10:08:26.025	****----Start----****
10:08:36.616	Stop
2020.06.29	10:08:40.105	****----Start----****
10:08:50.195	Stop
2020.06.29	10:08:54.073	****----Start----****
10:08:59.852	Stop
2020.06.29	10:25:02.558	****----Start----****
10:25:17.447	Stop
2020.06.29	10:25:21.113	****----Start----****
10:25:29.924	Stop
2020.06.29	10:25:33.216	****----Start----****
10:25:41.832	Stop
2020.06.29	10:25:45.218	****----Start----****
10:25:49.694	Stop
2020.06.29	10:27:48.718	****----Start----****
10:28:03.950	Stop
2020.06.29	10:28:06.983	****----Start----****
10:28:17.287	Stop
2020.06.29	10:28:20.342	****----Start----****
10:28:22.313	Stop
2020.06.29	11:10:38.321	****----Start----****
11:10:56.189	Stop
2020.06.29	11:10:58.938	****----Start----****
11:11:08.927	Stop
2020.06.29	11:11:11.722	****----Start----****
11:11:21.644	Stop
2020.06.29	11:11:24.433	****----Start----****
11:11:30.397	Stop
2020.06.29	11:20:36.034	****----Start----****
11:20:53.450	Stop
2020.06.29	11:20:56.183	****----Start----****
11:21:06.792	Stop
2020.06.29	11:21:09.578	****----Start----****
11:21:11.649	Stop
2020.06.29	13:01:31.111	****----Start----****
13:02:36.288	Stop
2020.06.30	11:03:18.732	****----Start----****
11:06:38.767	Stop
2020.06.30	12:04:14.893	****----Start----****
12:04:16.981	Stop
2020.06.30	12:06:34.111	****----Start----****
12:06:44.202	Stop
2020.06.30	12:10:00.150	****----Start----****
12:10:07.384	Stop
2020.06.30	12:10:45.591	****----Start----****
12:10:51.765	Stop
2020.06.30	12:15:26.134	****----Start----****
12:15:31.222	Stop
2020.06.30	12:16:15.534	****----Start----****
12:16:21.806	Stop
2020.06.30	14:01:02.582	****----Start----****
14:01:25.040	Stop
2020.06.30	14:02:59.364	****----Start----****
14:03:06.485	Stop
2020.06.30	14:15:01.716	****----Start----****
14:15:04.065	Stop
2020.06.30	14:15:31.632	****----Start----****
14:15:39.117	Stop
2020.06.30	14:30:20.384	****----Start----****
14:30:27.017	Stop
2020.06.30	14:48:21.044	****----Start----****
14:48:26.011	Stop
2020.06.30	14:55:15.964	****----Start----****
14:55:22.989	Stop
2020.06.30	15:33:18.395	****----Start----****
15:33:26.766	Stop
2020.06.30	15:37:01.733	****----Start----****
15:37:09.207	Stop
2020.06.30	15:39:08.952	****----Start----****
15:39:13.936	Stop
2020.06.30	15:43:18.951	****----Start----****
15:43:26.753	Stop
2020.06.30	15:59:29.161	****----Start----****
15:59:42.041	Stop
2020.06.30	16:39:45.561	****----Start----****
16:40:06.940	Stop
2020.06.30	16:44:12.023	****----Start----****
16:44:19.738	Stop
2020.06.30	16:46:40.606	****----Start----****
16:46:48.298	Stop
2020.06.30	16:47:51.978	****----Start----****
16:47:59.241	Stop
2020.06.30	16:53:56.749	****----Start----****
16:54:01.983	Stop
2020.06.30	16:55:31.907	****----Start----****
16:55:36.985	Stop
2020.06.30	16:58:09.396	****----Start----****
16:58:22.128	Stop
2020.06.30	17:00:11.114	****----Start----****
17:00:22.027	Stop
2020.06.30	17:02:52.836	****----Start----****
17:03:04.454	Stop
2020.06.30	17:04:02.006	****----Start----****
17:04:13.089	Stop
2020.06.30	17:15:43.881	****----Start----****
17:15:56.368	Stop
2020.06.30	17:17:24.781	****----Start----****
17:17:36.488	Stop
2020.06.30	17:18:23.365	****----Start----****
17:18:34.250	Stop
2020.06.30	17:20:00.849	****----Start----****
17:20:11.549	Stop
2020.06.30	17:20:36.540	****----Start----****
17:20:47.325	Stop
